<?xml version="1.0" encoding="UTF-8"?>
<!-- Generated by org.testng.reporters.JUnitXMLReporter -->
<testsuite hostname="supriya" name="Test" tests="2" failures="1" timestamp="20 Mar 2017 20:09:00 GMT" time="37.588" errors="0">
  <testcase name="clickAllCheckBoxesTest" time="10.113" classname="com.seleniumeasy.tests.CheckBoxTest">
    <failure type="java.lang.AssertionError" message="Wrong Message expected [Uncheck All] but found [Check All]">
      <![CDATA[java.lang.AssertionError: Wrong Message expected [Uncheck All] but found [Check All]
	at com.seleniumeasy.tests.CheckBoxTest.clickAllCheckBoxesTest(CheckBoxTest.java:40)
... Removed 28 stack frames]]>
    </failure>
  </testcase> <!-- clickAllCheckBoxesTest -->
  <testcase name="clickCheckBoxtest" time="0.333" classname="com.seleniumeasy.tests.CheckBoxTest"/>
</testsuite> <!-- Test -->
